<?xml version="1.0" encoding="UTF-8"?>
<testng-results skipped="0" failed="0" ignored="3" total="4" passed="1">
  <reporter-output>
  </reporter-output>
  <suite name="Default suite" duration-ms="24416" started-at="2019-01-18T03:25:35Z" finished-at="2019-01-18T03:26:00Z">
    <groups>
    </groups>
    <test name="Default test" duration-ms="24416" started-at="2019-01-18T03:25:35Z" finished-at="2019-01-18T03:26:00Z">
      <class name="com.crm.qa.testcases.HomePageTest">
        <test-method status="PASS" signature="setUp()[pri:0, instance:com.crm.qa.testcases.HomePageTest@3e6fa38a]" name="setUp" is-config="true" duration-ms="19193" started-at="2019-01-17T19:25:35Z" finished-at="2019-01-17T19:25:55Z">
          <reporter-output>
          </reporter-output>
        </test-method> <!-- setUp -->
        <test-method status="PASS" signature="selectdatetest()[pri:0, instance:com.crm.qa.testcases.HomePageTest@3e6fa38a]" name="selectdatetest" duration-ms="5186" started-at="2019-01-17T19:25:55Z" finished-at="2019-01-17T19:26:00Z">
          <reporter-output>
          </reporter-output>
        </test-method> <!-- selectdatetest -->
      </class> <!-- com.crm.qa.testcases.HomePageTest -->
    </test> <!-- Default test -->
  </suite> <!-- Default suite -->
</testng-results>
